# JRE version: OpenJDK Runtime Environment (11.0.12+7) (build 11.0.12+7-Ubuntu-0ubuntu3)
# Java VM: OpenJDK 64-Bit Server VM (11.0.12+7-Ubuntu-0ubuntu3, mixed mode, sharing, tiered, compressed oops, g1 gc, linux-amd64)
Heap:
 garbage-first heap   total 166912K, used 35114K [0x0000000085800000, 0x0000000100000000)
  region size 1024K, 31 young (31744K), 6 survivors (6144K)
 Metaspace       used 24276K, capacity 25399K, committed 25728K, reserved 1071104K
  class space    used 3193K, capacity 3661K, committed 3712K, reserved 1048576K
GC Heap History (10 events):
Event: 0,631 GC heap before
{Heap before GC invocations=0 (full 0):
 garbage-first heap   total 129024K, used 14024K [0x0000000085800000, 0x0000000100000000)
  region size 1024K, 14 young (14336K), 0 survivors (0K)
 Metaspace       used 3660K, capacity 6676K, committed 6912K, reserved 1056768K
  class space    used 452K, capacity 725K, committed 768K, reserved 1048576K
}
Event: 0,653 GC heap after
{Heap after GC invocations=1 (full 0):
 garbage-first heap   total 129024K, used 4036K [0x0000000085800000, 0x0000000100000000)
  region size 1024K, 2 young (2048K), 2 survivors (2048K)
 Metaspace       used 3660K, capacity 6676K, committed 6912K, reserved 1056768K
  class space    used 452K, capacity 725K, committed 768K, reserved 1048576K
}
Event: 0,983 GC heap before
{Heap before GC invocations=1 (full 0):
 garbage-first heap   total 129024K, used 15300K [0x0000000085800000, 0x0000000100000000)
  region size 1024K, 13 young (13312K), 2 survivors (2048K)
 Metaspace       used 6163K, capacity 8474K, committed 8576K, reserved 1056768K
  class space    used 844K, capacity 1082K, committed 1152K, reserved 1048576K
}
Event: 0,989 GC heap after
{Heap after GC invocations=2 (full 0):
 garbage-first heap   total 129024K, used 5076K [0x0000000085800000, 0x0000000100000000)
  region size 1024K, 1 young (1024K), 1 survivors (1024K)
 Metaspace       used 6163K, capacity 8474K, committed 8576K, reserved 1056768K
  class space    used 844K, capacity 1082K, committed 1152K, reserved 1048576K
}
Event: 1,326 GC heap before
{Heap before GC invocations=2 (full 0):
 garbage-first heap   total 129024K, used 33748K [0x0000000085800000, 0x0000000100000000)
  region size 1024K, 29 young (29696K), 1 survivors (1024K)
 Metaspace       used 12309K, capacity 14062K, committed 14208K, reserved 1060864K
  class space    used 1636K, capacity 1894K, committed 1920K, reserved 1048576K
}
Event: 1,331 GC heap after
{Heap after GC invocations=3 (full 0):
 garbage-first heap   total 129024K, used 6564K [0x0000000085800000, 0x0000000100000000)
  region size 1024K, 3 young (3072K), 3 survivors (3072K)
 Metaspace       used 12309K, capacity 14062K, committed 14208K, reserved 1060864K
  class space    used 1636K, capacity 1894K, committed 1920K, reserved 1048576K
}
Event: 1,995 GC heap before
{Heap before GC invocations=3 (full 0):
 garbage-first heap   total 129024K, used 48548K [0x0000000085800000, 0x0000000100000000)
  region size 1024K, 44 young (45056K), 3 survivors (3072K)
 Metaspace       used 18933K, capacity 19930K, committed 20352K, reserved 1067008K
  class space    used 2505K, capacity 2822K, committed 2944K, reserved 1048576K
}
Event: 2,005 GC heap after
{Heap after GC invocations=4 (full 0):
 garbage-first heap   total 129024K, used 9708K [0x0000000085800000, 0x0000000100000000)
  region size 1024K, 6 young (6144K), 6 survivors (6144K)
 Metaspace       used 18933K, capacity 19930K, committed 20352K, reserved 1067008K
  class space    used 2505K, capacity 2822K, committed 2944K, reserved 1048576K
}
Event: 2,146 GC heap before
{Heap before GC invocations=4 (full 0):
 garbage-first heap   total 129024K, used 19948K [0x0000000085800000, 0x0000000100000000)
  region size 1024K, 17 young (17408K), 6 survivors (6144K)
 Metaspace       used 20257K, capacity 21173K, committed 21248K, reserved 1067008K
  class space    used 2694K, capacity 3062K, committed 3072K, reserved 1048576K
}
Event: 2,162 GC heap after
{Heap after GC invocations=5 (full 0):
 garbage-first heap   total 166912K, used 10538K [0x0000000085800000, 0x0000000100000000)
  region size 1024K, 6 young (6144K), 6 survivors (6144K)
 Metaspace       used 20257K, capacity 21173K, committed 21248K, reserved 1067008K
  class space    used 2694K, capacity 3062K, committed 3072K, reserved 1048576K
}

